<?xml version="1.0" encoding="UTF-8"?>
<testng-results skipped="0" failed="0" ignored="0" total="1" passed="1">
  <reporter-output>
  </reporter-output>
  <suite name="Default suite" duration-ms="35527" started-at="2020-09-18T21:08:28 IST" finished-at="2020-09-18T21:09:04 IST">
    <groups>
    </groups>
    <test name="Default test" duration-ms="35527" started-at="2020-09-18T21:08:28 IST" finished-at="2020-09-18T21:09:04 IST">
      <class name="crmfa.Crfma">
        <test-method status="PASS" signature="Login()[pri:0, instance:crmfa.Crfma@4f6be2]" name="Login" is-config="true" duration-ms="9479" started-at="2020-09-18T21:08:28 IST" finished-at="2020-09-18T21:08:38 IST">
          <reporter-output>
          </reporter-output>
        </test-method> <!-- Login -->
        <test-method status="PASS" signature="Login1()[pri:0, instance:crmfa.Crfma@4f6be2]" name="Login1" duration-ms="21613" started-at="2020-09-18T21:08:38 IST" finished-at="2020-09-18T21:08:59 IST">
          <reporter-output>
          </reporter-output>
        </test-method> <!-- Login1 -->
        <test-method status="PASS" signature="Close()[pri:0, instance:crmfa.Crfma@4f6be2]" name="Close" is-config="true" duration-ms="4342" started-at="2020-09-18T21:08:59 IST" finished-at="2020-09-18T21:09:04 IST">
          <reporter-output>
          </reporter-output>
        </test-method> <!-- Close -->
      </class> <!-- crmfa.Crfma -->
    </test> <!-- Default test -->
  </suite> <!-- Default suite -->
</testng-results>
