<?xml version="1.0" encoding="UTF-8"?>
<testng-results skipped="0" failed="0" ignored="0" total="1" passed="1">
  <reporter-output>
  </reporter-output>
  <suite name="Default suite" duration-ms="13420" started-at="2020-09-28T17:53:33 IST" finished-at="2020-09-28T17:53:47 IST">
    <groups>
    </groups>
    <test name="Default test" duration-ms="13420" started-at="2020-09-28T17:53:33 IST" finished-at="2020-09-28T17:53:47 IST">
      <class name="crmfa.Crfma">
        <test-method status="PASS" signature="Login()[pri:0, instance:crmfa.Crfma@7fdd33]" name="Login" is-config="true" duration-ms="10292" started-at="2020-09-28T17:53:33 IST" finished-at="2020-09-28T17:53:44 IST">
          <reporter-output>
          </reporter-output>
        </test-method> <!-- Login -->
        <test-method status="PASS" signature="Login1()[pri:0, instance:crmfa.Crfma@7fdd33]" name="Login1" duration-ms="2696" started-at="2020-09-28T17:53:44 IST" finished-at="2020-09-28T17:53:46 IST">
          <reporter-output>
          </reporter-output>
        </test-method> <!-- Login1 -->
        <test-method status="PASS" signature="Close()[pri:0, instance:crmfa.Crfma@7fdd33]" name="Close" is-config="true" duration-ms="322" started-at="2020-09-28T17:53:46 IST" finished-at="2020-09-28T17:53:47 IST">
          <reporter-output>
          </reporter-output>
        </test-method> <!-- Close -->
      </class> <!-- crmfa.Crfma -->
    </test> <!-- Default test -->
  </suite> <!-- Default suite -->
</testng-results>
